This is pdfTeX, Version 3.1415926-2.5-1.40.14 (MiKTeX 2.9 64-bit) (preloaded format=pdflatex 2014.11.16)  16 NOV 2014 12:15
entering extended mode
**WeCalEvent.tex
(C:\Users\Mert\Desktop\WeCalEvent\WeCalEvent.tex
LaTeX2e <2011/06/27>
Babel <v3.8m> and hyphenation patterns for english, afrikaans, ancientgreek, ar
abic, armenian, assamese, basque, bengali, bokmal, bulgarian, catalan, coptic, 
croatian, czech, danish, dutch, esperanto, estonian, farsi, finnish, french, ga
lician, german, german-x-2013-05-26, greek, gujarati, hindi, hungarian, iceland
ic, indonesian, interlingua, irish, italian, kannada, kurmanji, latin, latvian,
 lithuanian, malayalam, marathi, mongolian, mongolianlmc, monogreek, ngerman, n
german-x-2013-05-26, nynorsk, oriya, panjabi, pinyin, polish, portuguese, roman
ian, russian, sanskrit, serbian, slovak, slovenian, spanish, swedish, swissgerm
an, tamil, telugu, turkish, turkmen, ukenglish, ukrainian, uppersorbian, usengl
ishmax, welsh, loaded.
("C:\Program Files\MiKTeX 2.9\tex\latex\base\book.cls"
Document Class: book 2007/10/19 v1.4h Standard LaTeX document class
("C:\Program Files\MiKTeX 2.9\tex\latex\base\bk12.clo"
File: bk12.clo 2007/10/19 v1.4h Standard LaTeX file (size option)
)
\c@part=\count79
\c@chapter=\count80
\c@section=\count81
\c@subsection=\count82
\c@subsubsection=\count83
\c@paragraph=\count84
\c@subparagraph=\count85
\c@figure=\count86
\c@table=\count87
\abovecaptionskip=\skip41
\belowcaptionskip=\skip42
\bibindent=\dimen102
)
("C:\Program Files\MiKTeX 2.9\tex\latex\amsmath\amsmath.sty"
Package: amsmath 2013/01/14 v2.14 AMS math features
\@mathmargin=\skip43

For additional information on amsmath, use the `?' option.
("C:\Program Files\MiKTeX 2.9\tex\latex\amsmath\amstext.sty"
Package: amstext 2000/06/29 v2.01

("C:\Program Files\MiKTeX 2.9\tex\latex\amsmath\amsgen.sty"
File: amsgen.sty 1999/11/30 v2.0
\@emptytoks=\toks14
\ex@=\dimen103
))
("C:\Program Files\MiKTeX 2.9\tex\latex\amsmath\amsbsy.sty"
Package: amsbsy 1999/11/29 v1.2d
\pmbraise@=\dimen104
)
("C:\Program Files\MiKTeX 2.9\tex\latex\amsmath\amsopn.sty"
Package: amsopn 1999/12/14 v2.01 operator names
)
\inf@bad=\count88
LaTeX Info: Redefining \frac on input line 210.
\uproot@=\count89
\leftroot@=\count90
LaTeX Info: Redefining \overline on input line 306.
\classnum@=\count91
\DOTSCASE@=\count92
LaTeX Info: Redefining \ldots on input line 378.
LaTeX Info: Redefining \dots on input line 381.
LaTeX Info: Redefining \cdots on input line 466.
\Mathstrutbox@=\box26
\strutbox@=\box27
\big@size=\dimen105
LaTeX Font Info:    Redeclaring font encoding OML on input line 566.
LaTeX Font Info:    Redeclaring font encoding OMS on input line 567.
\macc@depth=\count93
\c@MaxMatrixCols=\count94
\dotsspace@=\muskip10
\c@parentequation=\count95
\dspbrk@lvl=\count96
\tag@help=\toks15
\row@=\count97
\column@=\count98
\maxfields@=\count99
\andhelp@=\toks16
\eqnshift@=\dimen106
\alignsep@=\dimen107
\tagshift@=\dimen108
\tagwidth@=\dimen109
\totwidth@=\dimen110
\lineht@=\dimen111
\@envbody=\toks17
\multlinegap=\skip44
\multlinetaggap=\skip45
\mathdisplay@stack=\toks18
LaTeX Info: Redefining \[ on input line 2665.
LaTeX Info: Redefining \] on input line 2666.
)
("C:\Program Files\MiKTeX 2.9\tex\latex\amscls\amsthm.sty"
Package: amsthm 2004/08/06 v2.20
\thm@style=\toks19
\thm@bodyfont=\toks20
\thm@headfont=\toks21
\thm@notefont=\toks22
\thm@headpunct=\toks23
\thm@preskip=\skip46
\thm@postskip=\skip47
\thm@headsep=\skip48
\dth@everypar=\toks24
)
("C:\Program Files\MiKTeX 2.9\tex\latex\base\fontenc.sty"
Package: fontenc 2005/09/27 v1.99g Standard LaTeX package

("C:\Program Files\MiKTeX 2.9\tex\latex\cyrillic\t2aenc.def"
File: t2aenc.def 2005/09/27 v1.0i Cyrillic encoding definition file
)
LaTeX Font Info:    Try loading font information for T2A+cmr on input line 100.


("C:\Program Files\MiKTeX 2.9\tex\latex\cyrillic\t2acmr.fd"
File: t2acmr.fd 2001/08/11 v1.0a Computer Modern Cyrillic font definitions
))
("C:\Program Files\MiKTeX 2.9\tex\latex\base\inputenc.sty"
Package: inputenc 2008/03/30 v1.1d Input encoding file
\inpenc@prehook=\toks25
\inpenc@posthook=\toks26

("C:\Program Files\MiKTeX 2.9\tex\latex\cyrillic\cp1251.def"
File: cp1251.def 1999/11/16 v1.0d Input encoding file
))
("C:\Program Files\MiKTeX 2.9\tex\latex\amsfonts\amsfonts.sty"
Package: amsfonts 2013/01/14 v3.01 Basic AMSFonts support
\symAMSa=\mathgroup4
\symAMSb=\mathgroup5
LaTeX Font Info:    Overwriting math alphabet `\mathfrak' in version `bold'
(Font)                  U/euf/m/n --> U/euf/b/n on input line 106.
)
("C:\Program Files\MiKTeX 2.9\tex\latex\base\latexsym.sty"
Package: latexsym 1998/08/17 v2.2e Standard LaTeX package (lasy symbols)
\symlasy=\mathgroup6
LaTeX Font Info:    Overwriting symbol font `lasy' in version `bold'
(Font)                  U/lasy/m/n --> U/lasy/b/n on input line 47.
)
("C:\Program Files\MiKTeX 2.9\tex\latex\graphics\graphicx.sty"
Package: graphicx 1999/02/16 v1.0f Enhanced LaTeX Graphics (DPC,SPQR)

("C:\Program Files\MiKTeX 2.9\tex\latex\graphics\keyval.sty"
Package: keyval 1999/03/16 v1.13 key=value parser (DPC)
\KV@toks@=\toks27
)
("C:\Program Files\MiKTeX 2.9\tex\latex\graphics\graphics.sty"
Package: graphics 2009/02/05 v1.0o Standard LaTeX Graphics (DPC,SPQR)

("C:\Program Files\MiKTeX 2.9\tex\latex\graphics\trig.sty"
Package: trig 1999/03/16 v1.09 sin cos tan (DPC)
)
("C:\Program Files\MiKTeX 2.9\tex\latex\00miktex\graphics.cfg"
File: graphics.cfg 2007/01/18 v1.5 graphics configuration of teTeX/TeXLive
)
Package graphics Info: Driver file: pdftex.def on input line 91.

("C:\Program Files\MiKTeX 2.9\tex\latex\pdftex-def\pdftex.def"
File: pdftex.def 2011/05/27 v0.06d Graphics/color for pdfTeX

("C:\Program Files\MiKTeX 2.9\tex\generic\oberdiek\infwarerr.sty"
Package: infwarerr 2010/04/08 v1.3 Providing info/warning/error messages (HO)
)
("C:\Program Files\MiKTeX 2.9\tex\generic\oberdiek\ltxcmds.sty"
Package: ltxcmds 2011/11/09 v1.22 LaTeX kernel commands for general use (HO)
)
\Gread@gobject=\count100
))
\Gin@req@height=\dimen112
\Gin@req@width=\dimen113
)
("C:\Program Files\MiKTeX 2.9\tex\latex\jknappen\mathrsfs.sty"
Package: mathrsfs 1996/01/01 Math RSFS package v1.0 (jk)
\symrsfs=\mathgroup7
)
("C:\Program Files\MiKTeX 2.9\tex\latex\graphics\color.sty"
Package: color 2005/11/14 v1.0j Standard LaTeX Color (DPC)

("C:\Program Files\MiKTeX 2.9\tex\latex\00miktex\color.cfg"
File: color.cfg 2007/01/18 v1.5 color configuration of teTeX/TeXLive
)
Package color Info: Driver file: pdftex.def on input line 130.
)
("C:\Program Files\MiKTeX 2.9\tex\latex\geometry\geometry.sty"
Package: geometry 2010/09/12 v5.6 Page Geometry

("C:\Program Files\MiKTeX 2.9\tex\generic\oberdiek\ifpdf.sty"
Package: ifpdf 2011/01/30 v2.3 Provides the ifpdf switch (HO)
Package ifpdf Info: pdfTeX in PDF mode is detected.
)
("C:\Program Files\MiKTeX 2.9\tex\generic\oberdiek\ifvtex.sty"
Package: ifvtex 2010/03/01 v1.5 Detect VTeX and its facilities (HO)
Package ifvtex Info: VTeX not detected.
)
("C:\Program Files\MiKTeX 2.9\tex\generic\ifxetex\ifxetex.sty"
Package: ifxetex 2010/09/12 v0.6 Provides ifxetex conditional
)
\Gm@cnth=\count101
\Gm@cntv=\count102
\c@Gm@tempcnt=\count103
\Gm@bindingoffset=\dimen114
\Gm@wd@mp=\dimen115
\Gm@odd@mp=\dimen116
\Gm@even@mp=\dimen117
\Gm@layoutwidth=\dimen118
\Gm@layoutheight=\dimen119
\Gm@layouthoffset=\dimen120
\Gm@layoutvoffset=\dimen121
\Gm@dimlist=\toks28

("C:\Program Files\MiKTeX 2.9\tex\latex\geometry\geometry.cfg"))
("C:\Program Files\MiKTeX 2.9\tex\latex\setspace\setspace.sty"
Package: setspace 2011/12/19 v6.7a set line spacing
)
\c@pr=\count104

(C:\Users\Mert\Desktop\WeCalEvent\WeCalEvent.aux

LaTeX Warning: Label `Fig 1:' multiply defined.


LaTeX Warning: Label `Fig 2:' multiply defined.


LaTeX Warning: Label `Fig :' multiply defined.


LaTeX Warning: Label `Fig :' multiply defined.


LaTeX Warning: Label `Fig :' multiply defined.


LaTeX Warning: Label `Fig :' multiply defined.


LaTeX Warning: Label `Fig :' multiply defined.


LaTeX Warning: Label `Fig :' multiply defined.

)
LaTeX Font Info:    Checking defaults for OML/cmm/m/it on input line 28.
LaTeX Font Info:    ... okay on input line 28.
LaTeX Font Info:    Checking defaults for T1/cmr/m/n on input line 28.
LaTeX Font Info:    ... okay on input line 28.
LaTeX Font Info:    Checking defaults for OT1/cmr/m/n on input line 28.
LaTeX Font Info:    ... okay on input line 28.
LaTeX Font Info:    Checking defaults for OMS/cmsy/m/n on input line 28.
LaTeX Font Info:    ... okay on input line 28.
LaTeX Font Info:    Checking defaults for OMX/cmex/m/n on input line 28.
LaTeX Font Info:    ... okay on input line 28.
LaTeX Font Info:    Checking defaults for U/cmr/m/n on input line 28.
LaTeX Font Info:    ... okay on input line 28.
LaTeX Font Info:    Checking defaults for T2A/cmr/m/n on input line 28.
LaTeX Font Info:    ... okay on input line 28.
 ("C:\Program Files\MiKTeX 2.9\tex\context\base\supp-pdf.mkii"
[Loading MPS to PDF converter (version 2006.09.02).]
\scratchcounter=\count105
\scratchdimen=\dimen122
\scratchbox=\box28
\nofMPsegments=\count106
\nofMParguments=\count107
\everyMPshowfont=\toks29
\MPscratchCnt=\count108
\MPscratchDim=\dimen123
\MPnumerator=\count109
\makeMPintoPDFobject=\count110
\everyMPtoPDFconversion=\toks30
)
*geometry* driver: auto-detecting
*geometry* detected driver: pdftex

Package geometry Warning: The marginal notes overrun the paper.
     Add 62.32088pt and more to the right margin.

*geometry* verbose mode - [ preamble ] result:
* driver: pdftex
* paper: a4paper
* layout: <same size as paper>
* layoutoffset:(h,v)=(0.0pt,0.0pt)
* modes: twoside 
* h-part:(L,W,R)=(85.35826pt, 469.47049pt, 42.67912pt)
* v-part:(T,H,B)=(56.9055pt, 731.23584pt, 56.9055pt)
* \paperwidth=597.50787pt
* \paperheight=845.04684pt
* \textwidth=512.1496pt
* \textheight=739.77165pt
* \oddsidemargin=-31.2982pt
* \evensidemargin=-31.2982pt
* \topmargin=-65.44133pt
* \headheight=12.0pt
* \headsep=19.8738pt
* \topskip=12.0pt
* \footskip=20.0pt
* \marginparwidth=98.0pt
* \marginparsep=7.0pt
* \columnsep=10.0pt
* \skip\footins=10.8pt plus 4.0pt minus 2.0pt
* \hoffset=0.0pt
* \voffset=0.0pt
* \mag=1000
* \@twocolumnfalse
* \@twosidetrue
* \@mparswitchtrue
* \@reversemarginfalse
* (1in=72.27pt=25.4mm, 1cm=28.453pt)

<logo.png, id=1, 225.84375pt x 225.84375pt>
File: logo.png Graphic file (type png)
 <use logo.png>
Package pdftex.def Info: logo.png used on input line 32.
(pdftex.def)             Requested size: 142.26378pt x 142.27196pt.

Overfull \hbox (248.59064pt too wide) in paragraph at lines 45--45
[]  
 []


Overfull \hbox (317.1258pt too wide) in paragraph at lines 46--46
[][]  
 []


Overfull \hbox (385.66095pt too wide) in paragraph at lines 47--47
[][]  
 []


Overfull \hbox (344.53986pt too wide) in paragraph at lines 48--49
[][]  
 []

LaTeX Font Info:    Try loading font information for U+msa on input line 54.
("C:\Program Files\MiKTeX 2.9\tex\latex\amsfonts\umsa.fd"
File: umsa.fd 2013/01/14 v3.01 AMS symbols A
)
LaTeX Font Info:    Try loading font information for U+msb on input line 54.

("C:\Program Files\MiKTeX 2.9\tex\latex\amsfonts\umsb.fd"
File: umsb.fd 2013/01/14 v3.01 AMS symbols B
)
LaTeX Font Info:    Try loading font information for U+lasy on input line 54.

("C:\Program Files\MiKTeX 2.9\tex\latex\base\ulasy.fd"
File: ulasy.fd 1998/08/17 v2.2e LaTeX symbol font definitions
)
LaTeX Font Info:    Try loading font information for U+rsfs on input line 54.

("C:\Program Files\MiKTeX 2.9\tex\latex\jknappen\ursfs.fd"
File: ursfs.fd 1998/03/24 rsfs font definition file (jk)
) [1


{C:/ProgramData/MiKTeX/2.9/pdftex/config/pdftex.map} <C:/Users/Mert/Desktop/WeC
alEvent/logo.png>] (C:\Users\Mert\Desktop\WeCalEvent\WeCalEvent.toc [2

])
\tf@toc=\write3

(C:\Users\Mert\Desktop\WeCalEvent\intro.tex [3] [4]
LaTeX Font Info:    Try loading font information for OMS+cmr on input line 39.

("C:\Program Files\MiKTeX 2.9\tex\latex\base\omscmr.fd"
File: omscmr.fd 1999/05/25 v2.5h Standard LaTeX font definitions
)
LaTeX Font Info:    Font shape `OMS/cmr/m/n' in size <12> not available
(Font)              Font shape `OMS/cmsy/m/n' tried instead on input line 39.
)
(C:\Users\Mert\Desktop\WeCalEvent\Overall.tex [5]
<Flowchart0.png, id=29, 594.72188pt x 264.99pt>
File: Flowchart0.png Graphic file (type png)
 <use Flowchart0.png>
Package pdftex.def Info: Flowchart0.png used on input line 15.
(pdftex.def)             Requested size: 426.79134pt x 190.16188pt.
 [6 <C:/Users/Mert/Desktop/WeCalEvent/Flowchart0.png>] [7]
<UseCases.png, id=39, 893.3375pt x 903.375pt>
File: UseCases.png Graphic file (type png)
 <use UseCases.png>
Package pdftex.def Info: UseCases.png used on input line 45.
(pdftex.def)             Requested size: 455.24408pt x 460.37054pt.
 [8 <C:/Users/Mert/Desktop/WeCalEvent/UseCases.png>])
(C:\Users\Mert\Desktop\WeCalEvent\Requirements.tex [9]
<register.png, id=47, 451.6875pt x 401.5pt>
File: register.png Graphic file (type png)
 <use register.png>
Package pdftex.def Info: register.png used on input line 27.
(pdftex.def)             Requested size: 227.62204pt x 202.33623pt.
 [10 <C:/Users/Mert/Desktop/WeCalEvent/register.png>]
<Login-homepage.png, id=52, 451.6875pt x 401.5pt>
File: Login-homepage.png Graphic file (type png)
 <use Login-homepage.png>
Package pdftex.def Info: Login-homepage.png used on input line 38.
(pdftex.def)             Requested size: 227.62204pt x 202.33623pt.

<editprofile.png, id=53, 451.6875pt x 401.5pt>
File: editprofile.png Graphic file (type png)
 <use editprofile.png>
Package pdftex.def Info: editprofile.png used on input line 49.
(pdftex.def)             Requested size: 227.62204pt x 202.33623pt.

<calendar.png, id=54, 451.6875pt x 401.5pt>
File: calendar.png Graphic file (type png)
 <use calendar.png>
Package pdftex.def Info: calendar.png used on input line 60.
(pdftex.def)             Requested size: 227.62204pt x 202.33623pt.
 [11 <C:/Users/Mert/Desktop/WeCalEvent/Login-homepage.png> <C:/Users/Mert/Deskt
op/WeCalEvent/editprofile.png>] [12 <C:/Users/Mert/Desktop/WeCalEvent/calendar.
png>]
<createevent.png, id=64, 451.6875pt x 401.5pt>
File: createevent.png Graphic file (type png)
 <use createevent.png>
Package pdftex.def Info: createevent.png used on input line 73.
(pdftex.def)             Requested size: 227.62204pt x 202.33623pt.

<editevent.png, id=65, 451.6875pt x 401.5pt>
File: editevent.png Graphic file (type png)
 <use editevent.png>
Package pdftex.def Info: editevent.png used on input line 83.
(pdftex.def)             Requested size: 227.62204pt x 202.33623pt.
 [13 <C:/Users/Mert/Desktop/WeCalEvent/createevent.png> <C:/Users/Mert/Desktop/
WeCalEvent/editevent.png>]
Overfull \hbox (4.3467pt too wide) in paragraph at lines 150--179
[] 
 []

[14] [15] [16]
Underfull \vbox (badness 10000) has occurred while \output is active []

 [17]
Underfull \vbox (badness 10000) has occurred while \output is active []

 [18]
Underfull \vbox (badness 10000) has occurred while \output is active []

 [19]
[20] [21] <Create.png, id=97, 645.41125pt x 746.79pt>
File: Create.png Graphic file (type png)
 <use Create.png>
Package pdftex.def Info: Create.png used on input line 674.
(pdftex.def)             Requested size: 426.79134pt x 493.8287pt.
 [22 <C:/Users/Mert/Desktop/WeCalEvent/Create.png>]
<Login.png, id=102, 646.415pt x 594.22pt>
File: Login.png Graphic file (type png)
 <use Login.png>
Package pdftex.def Info: Login.png used on input line 684.
(pdftex.def)             Requested size: 455.24408pt x 418.48088pt.
 [23 <C:/Users/Mert/Desktop/WeCalEvent/Login.png>] <Notify.png, id=107, 636.377
5pt x 461.725pt>
File: Notify.png Graphic file (type png)

<use Notify.png>
Package pdftex.def Info: Notify.png used on input line 694.
(pdftex.def)             Requested size: 455.24408pt x 330.29996pt.
 [24 <C:/Users/Mert/Desktop/WeCalEvent/Notify.png>]
<Register(1).png, id=112, 614.295pt x 586.19pt>
File: Register(1).png Graphic file (type png)
 <use Register(1).png>
Package pdftex.def Info: Register(1).png used on input line 704.
(pdftex.def)             Requested size: 426.79134pt x 407.27118pt.
 [25 <C:/Users/Mert/Desktop/WeCalEvent/Register(1).png>]
<CreateEventd.png, id=118, 336.25626pt x 539.01375pt>
File: CreateEventd.png Graphic file (type png)
 <use CreateEventd.png>
Package pdftex.def Info: CreateEventd.png used on input line 716.
(pdftex.def)             Requested size: 284.52756pt x 456.09944pt.

[26 <C:/Users/Mert/Desktop/WeCalEvent/CreateEventd.png>]
<Inviteuserd.png, id=123, 445.665pt x 506.89375pt>
File: Inviteuserd.png Graphic file (type png)
 <use Inviteuserd.png>
Package pdftex.def Info: Inviteuserd.png used on input line 724.
(pdftex.def)             Requested size: 284.52756pt x 323.62196pt.

[27 <C:/Users/Mert/Desktop/WeCalEvent/Inviteuserd.png>])
(C:\Users\Mert\Desktop\WeCalEvent\datamd.tex [28]
<ClassDiagram.png, id=131, 542.025pt x 293.59688pt>
File: ClassDiagram.png Graphic file (type png)
 <use ClassDiagram.png>
Package pdftex.def Info: ClassDiagram.png used on input line 7.
(pdftex.def)             Requested size: 426.79134pt x 231.18636pt.

<UserClassDiagram.png, id=132, 111.41624pt x 123.46124pt>
File: UserClassDiagram.png Graphic file (type png)

<use UserClassDiagram.png>
Package pdftex.def Info: UserClassDiagram.png used on input line 17.
(pdftex.def)             Requested size: 142.26378pt x 157.65681pt.

<EventClassDiagram.png, id=133, 121.95563pt x 136.25906pt>
File: EventClassDiagram.png Graphic file (type png)

<use EventClassDiagram.png>
Package pdftex.def Info: EventClassDiagram.png used on input line 27.
(pdftex.def)             Requested size: 142.26378pt x 158.95047pt.
 [29 <C:/Users/Mert/Desktop/WeCalEvent/ClassDiagram.png> <C:/Users/Mert/Desktop
/WeCalEvent/UserClassDiagram.png>]
<WeatherClassDiagram.png, id=139, 125.71968pt x 79.79813pt>
File: WeatherClassDiagram.png Graphic file (type png)

<use WeatherClassDiagram.png>
Package pdftex.def Info: WeatherClassDiagram.png used on input line 37.
(pdftex.def)             Requested size: 142.26378pt x 90.29866pt.
) (C:\Users\Mert\Desktop\WeCalEvent\planning.tex
[30 <C:/Users/Mert/Desktop/WeCalEvent/EventClassDiagram.png> <C:/Users/Mert/Des
ktop/WeCalEvent/WeatherClassDiagram.png>])
(C:\Users\Mert\Desktop\WeCalEvent\conclusion.tex
Underfull \hbox (badness 10000) in paragraph at lines 3--1

 []

[31]) (C:\Users\Mert\Desktop\WeCalEvent\appendixes.tex [32]
<Code1.png, id=152, 528.47438pt x 292.84406pt>
File: Code1.png Graphic file (type png)
 <use Code1.png>
Package pdftex.def Info: Code1.png used on input line 7.
(pdftex.def)             Requested size: 426.79134pt x 236.49637pt.

<Code2.png, id=153, 512.66531pt x 243.15843pt>
File: Code2.png Graphic file (type png)
 <use Code2.png>
Package pdftex.def Info: Code2.png used on input line 14.
(pdftex.def)             Requested size: 426.79134pt x 202.42993pt.
 [33 <C:/Users/Mert/Desktop/WeCalEvent/Code1.png> <C:/Users/Mert/Desktop/WeCalE
vent/Code2.png>]
<Code3.png, id=158, 427.5975pt x 441.14813pt>
File: Code3.png Graphic file (type png)
 <use Code3.png>
Package pdftex.def Info: Code3.png used on input line 22.
(pdftex.def)             Requested size: 369.88582pt x 381.60808pt.
 [34 <C:/Users/Mert/Desktop/WeCalEvent/Code3.png>] <Alt2.png, id=162, 487.8225p
t x 432.86719pt>
File: Alt2.png Graphic file (type png)

<use Alt2.png>
Package pdftex.def Info: Alt2.png used on input line 33.
(pdftex.def)             Requested size: 512.1496pt x 454.4579pt.
 [35 <C:/Users/Mert/Desktop/WeCalEvent/Alt2.png>]
<metamodel.png, id=166, 675.27281pt x 370.38374pt>
File: metamodel.png Graphic file (type png)
 <use metamodel.png>
Package pdftex.def Info: metamodel.png used on input line 42.
(pdftex.def)             Requested size: 426.79134pt x 234.09465pt.

<run.png, id=167, 425.33907pt x 122.70844pt>
File: run.png Graphic file (type png)
 <use run.png>
Package pdftex.def Info: run.png used on input line 51.
(pdftex.def)             Requested size: 512.1496pt x 147.76053pt.

<Alt1.png, id=168, 487.06969pt x 90.3375pt>
File: Alt1.png Graphic file (type png)
 <use Alt1.png>
Package pdftex.def Info: Alt1.png used on input line 52.
(pdftex.def)             Requested size: 512.1496pt x 94.98949pt.
 [36 <C:/Users/Mert/Desktop/WeCalEvent/metamodel.png> <C:/Users/Mert/Desktop/We
CalEvent/run.png> <C:/Users/Mert/Desktop/WeCalEvent/Alt1.png>]
Underfull \hbox (badness 10000) in paragraph at lines 61--67

 []

<simplified.png, id=173, 690.32906pt x 319.94531pt>
File: simplified.png Graphic file (type png)
 <use simplified.png>
Package pdftex.def Info: simplified.png used on input line 73.
(pdftex.def)             Requested size: 512.1496pt x 237.36606pt.

[37 <C:/Users/Mert/Desktop/WeCalEvent/simplified.png>]
Underfull \hbox (badness 10000) in paragraph at lines 79--80

 []

<complex.png, id=178, 848.4197pt x 419.31656pt>
File: complex.png Graphic file (type png)
 <use complex.png>
Package pdftex.def Info: complex.png used on input line 85.
(pdftex.def)             Requested size: 512.1496pt x 253.12744pt.
) [38 <C:/Users/Mert/Desktop/WeCalEvent/complex.png>]
(C:\Users\Mert\Desktop\WeCalEvent\WeCalEvent.aux)

LaTeX Warning: There were multiply-defined labels.

 ) 
Here is how much of TeX's memory you used:
 3216 strings out of 493921
 42640 string characters out of 3147284
 103157 words of memory out of 3000000
 6394 multiletter control sequences out of 15000+200000
 19803 words of font info for 64 fonts, out of 3000000 for 9000
 841 hyphenation exceptions out of 8191
 27i,9n,24p,753b,292s stack positions out of 5000i,500n,10000p,200000b,50000s
 <C:\Users\Mert\AppData\Local\MiKTeX\2.9\fonts\pk\ljfour\lh\lh-t2a\dpi600\lab
x1200.pk> <C:\Users\Mert\AppData\Local\MiKTeX\2.9\fonts\pk\ljfour\lh\lh-t2a\dpi
600\labx1440.pk> <C:\Users\Mert\AppData\Local\MiKTeX\2.9\fonts\pk\ljfour\lh\lh-
t2a\dpi600\labx1728.pk> <C:\Users\Mert\AppData\Local\MiKTeX\2.9\fonts\pk\ljfour
\unknown\unknown\dpi600\larm1200.pk> <C:\Users\Mert\AppData\Local\MiKTeX\2.9\fo
nts\pk\ljfour\lh\lh-t2a\dpi600\larm1000.pk> <C:\Users\Mert\AppData\Local\MiKTeX
\2.9\fonts\pk\ljfour\lh\lh-t2a\dpi600\larm1440.pk> <C:\Users\Mert\AppData\Local
\MiKTeX\2.9\fonts\pk\ljfour\lh\lh-t2a\dpi600\larm1728.pk> <C:\Users\Mert\AppDat
a\Local\MiKTeX\2.9\fonts\pk\ljfour\lh\lh-t2a\dpi600\labx2488.pk> <C:\Users\Mert
\AppData\Local\MiKTeX\2.9\fonts\pk\ljfour\lh\lh-t2a\dpi600\larm2488.pk><C:/Prog
ram Files/MiKTeX 2.9/fonts/type1/public/amsfonts/cm/cmr12.pfb><C:/Program Files
/MiKTeX 2.9/fonts/type1/public/amsfonts/cm/cmsy10.pfb>
Output written on WeCalEvent.pdf (38 pages, 879001 bytes).
PDF statistics:
 500 PDF objects out of 1000 (max. 8388607)
 0 named destinations out of 1000 (max. 500000)
 141 words of extra memory for PDF output out of 10000 (max. 10000000)

